Added Pin To Net: NetName=VCC Pin=C1-1
Added Pin To Net: NetName=GND Pin=C1-2
Added Pin To Net: NetName=NetC2_1 Pin=C2-1
Added Pin To Net: NetName=GND Pin=C2-2
Added Pin To Net: NetName=VCC Pin=C3-1
Added Pin To Net: NetName=GND Pin=C3-2
Added Pin To Net: NetName=VCC Pin=C4-1
Added Pin To Net: NetName=GND Pin=C4-2
Added Pin To Net: NetName=PRESSURESENSE Pin=C5-1
Added Pin To Net: NetName=GND Pin=C5-2
Added Pin To Net: NetName=GND Pin=C6-1
Added Pin To Net: NetName=NetC6_2 Pin=C6-2
Added Pin To Net: NetName=VCC Pin=C7-1
Added Pin To Net: NetName=GND Pin=C7-2
Added Pin To Net: NetName=VCC Pin=C8-1
Added Pin To Net: NetName=GND Pin=C8-2
Added Pin To Net: NetName=2.5VREF Pin=C9-1
Added Pin To Net: NetName=GND Pin=C9-2
Added Pin To Net: NetName=1.5VDC Pin=C10-1
Added Pin To Net: NetName=GND Pin=C10-2
Added Pin To Net: NetName=TRIGLVLMANUAL Pin=C12-1
Added Pin To Net: NetName=GND Pin=C12-2
Added Pin To Net: NetName=TRIGLVLEXTERNAL_FILTERED Pin=C13-1
Added Pin To Net: NetName=GND Pin=C13-2
Added Pin To Net: NetName=GND Pin=C14-1
Added Pin To Net: NetName=NetC14_2 Pin=C14-2
Added Pin To Net: NetName=GND Pin=C15-1
Added Pin To Net: NetName=NetC15_2 Pin=C15-2
Added Pin To Net: NetName=NetD1_1 Pin=D1-1
Added Pin To Net: NetName=P\R\E\S\S\U\R\E\D\E\T\E\C\T\E\D\ Pin=D1-2
Added Pin To Net: NetName=VCC Pin=D2-1
Added Pin To Net: NetName=NetD2_2 Pin=D2-2
Added Pin To Net: NetName=PRESSUREDETECTED Pin=J1-1
Added Pin To Net: NetName=P\R\E\S\S\U\R\E\D\E\T\E\C\T\E\D\ Pin=J1-2
Added Pin To Net: NetName=PRESSURESENSE Pin=J1-3
Added Pin To Net: NetName=TRIGLVLMANUAL Pin=J2-1
Added Pin To Net: NetName=TRIGGER LEVEL Pin=J2-2
Added Pin To Net: NetName=TRIGLVLEXTERNAL_FILTERED Pin=J2-3
Added Pin To Net: NetName=TRIGLVLEXTERNAL Pin=J3-1
Added Pin To Net: NetName=GND Pin=J3-2
Added Pin To Net: NetName=TRIGGER LEVEL Pin=J3-3
Added Pin To Net: NetName=NetJ4_1 Pin=J4-1
Added Pin To Net: NetName=GND Pin=J4-2
Added Pin To Net: NetName=GND Pin=M1-0
Added Pin To Net: NetName=GND Pin=M2-0
Added Pin To Net: NetName=GND Pin=M3-0
Added Pin To Net: NetName=GND Pin=M4-0
Added Pin To Net: NetName=NetC2_1 Pin=Q1-1
Added Pin To Net: NetName=NetQ1_2 Pin=Q1-2
Added Pin To Net: NetName=VCC Pin=Q1-3
Added Pin To Net: NetName=NetQ2_1 Pin=Q2-1
Added Pin To Net: NetName=GND Pin=Q2-2
Added Pin To Net: NetName=NetD1_1 Pin=Q2-3
Added Pin To Net: NetName=NetC14_2 Pin=Q3-1
Added Pin To Net: NetName=NetC15_2 Pin=Q3-2
Added Pin To Net: NetName=TRIGLVLEXTERNAL_FILTERED Pin=Q3-3
Added Pin To Net: NetName=NetR1_1 Pin=R1-1
Added Pin To Net: NetName=VCC Pin=R1-2
Added Pin To Net: NetName=NetC2_1 Pin=R2-1
Added Pin To Net: NetName=NetR1_1 Pin=R2-2
Added Pin To Net: NetName=PRESSUREDETECTED Pin=R3-1
Added Pin To Net: NetName=VCC Pin=R3-2
Added Pin To Net: NetName=PRESSURESENSE Pin=R4-1
Added Pin To Net: NetName=NetR4_2 Pin=R4-2
Added Pin To Net: NetName=PRESSURESENSE Pin=R5-1
Added Pin To Net: NetName=NetR5_2 Pin=R5-2
Added Pin To Net: NetName=NetR6_1 Pin=R6-1
Added Pin To Net: NetName=NetR4_2 Pin=R6-2
Added Pin To Net: NetName=NetC6_2 Pin=R7-1
Added Pin To Net: NetName=VCC Pin=R7-2
Added Pin To Net: NetName=GND Pin=R8-1
Added Pin To Net: NetName=NetR8_2 Pin=R8-2
Added Pin To Net: NetName=1.5VREF Pin=R9-1
Added Pin To Net: NetName=NetR6_1 Pin=R9-2
Added Pin To Net: NetName=P\R\E\S\S\U\R\E\D\E\T\E\C\T\E\D\ Pin=R10-1
Added Pin To Net: NetName=VCC Pin=R10-2
Added Pin To Net: NetName=NetQ2_1 Pin=R11-1
Added Pin To Net: NetName=PRESSUREDETECTED Pin=R11-2
Added Pin To Net: NetName=2.5VREF Pin=R12-1
Added Pin To Net: NetName=VCC Pin=R12-2
Added Pin To Net: NetName=TRIGLVLEXTERNAL_FILTERED Pin=R13-1
Added Pin To Net: NetName=NetC14_2 Pin=R13-2
Added Pin To Net: NetName=NetJ4_1 Pin=R14-1
Added Pin To Net: NetName=NetD2_2 Pin=R14-2
Added Pin To Net: NetName=1.5VDC Pin=R15-1
Added Pin To Net: NetName=2.5VREF Pin=R15-2
Added Pin To Net: NetName=TRIGLVLEXTERNAL Pin=R16-1
Added Pin To Net: NetName=NetC14_2 Pin=R16-2
Added Pin To Net: NetName=GND Pin=R17-1
Added Pin To Net: NetName=NetR17_2 Pin=R17-2
Added Pin To Net: NetName=2.5VREF Pin=R17-3
Added Pin To Net: NetName=GND Pin=R18-1
Added Pin To Net: NetName=1.5VDC Pin=R18-2
Added Pin To Net: NetName=GND Pin=R20-1
Added Pin To Net: NetName=1.5VREF Pin=R20-2
Added Pin To Net: NetName=NetC15_2 Pin=R21-1
Added Pin To Net: NetName=NetC14_2 Pin=R21-2
Added Pin To Net: NetName=GND Pin=R22-1
Added Pin To Net: NetName=TRIGLVLEXTERNAL_FILTERED Pin=R22-2
Added Pin To Net: NetName=PRESSUREDETECTED Pin=R23-1
Added Pin To Net: NetName=NetR5_2 Pin=R23-2
Added Pin To Net: NetName=TRIGLVLMANUAL Pin=R24-1
Added Pin To Net: NetName=NetR17_2 Pin=R24-2
Added Pin To Net: NetName=NetS1_1 Pin=S1-1
Added Pin To Net: NetName=NetR8_2 Pin=S1-3
Added Pin To Net: NetName=NetS1_4 Pin=S1-4
Added Pin To Net: NetName=NetQ1_2 Pin=S1-5
Added Pin To Net: NetName=NetQ1_2 Pin=S1-6
Added Pin To Net: NetName=PRESSUREDETECTED Pin=U1-1
Added Pin To Net: NetName=TRIGGER LEVEL Pin=U1-2
Added Pin To Net: NetName=NetR5_2 Pin=U1-3
Added Pin To Net: NetName=GND Pin=U1-4
Added Pin To Net: NetName=1.5VREF Pin=U1-5
Added Pin To Net: NetName=NetR8_2 Pin=U1-6
Added Pin To Net: NetName=NetR1_1 Pin=U1-7
Added Pin To Net: NetName=VCC Pin=U1-8
Added Pin To Net: NetName=NetR6_1 Pin=U2-1
Added Pin To Net: NetName=NetS1_1 Pin=U2-2
Added Pin To Net: NetName=NetS1_4 Pin=U2-3
Added Pin To Net: NetName=GND Pin=U2-4
Added Pin To Net: NetName=1.5VREF Pin=U2-5
Added Pin To Net: NetName=NetR4_2 Pin=U2-6
Added Pin To Net: NetName=VCC Pin=U2-7
Added Pin To Net: NetName=NetC6_2 Pin=U2-8
Added Pin To Net: NetName=1.5VREF Pin=U3-1
Added Pin To Net: NetName=GND Pin=U3-2
Added Pin To Net: NetName=1.5VDC Pin=U3-3
Added Pin To Net: NetName=1.5VREF Pin=U3-4
Added Pin To Net: NetName=VCC Pin=U3-5
Added Pin To Net: NetName=2.5VREF Pin=U4-1
Added Pin To Net: NetName=2.5VREF Pin=U4-2
Added Pin To Net: NetName=GND Pin=U4-3
Added Member To Class: ClassName=Pressure Sensor Breakout Rev 2 Member=Component C1 08055C104JAT2A
Added Member To Class: ClassName=Pressure Sensor Breakout Rev 2 Member=Component C2 08055C104JAT2A
Added Member To Class: ClassName=Pressure Sensor Breakout Rev 2 Member=Component C3 08055C104JAT2A
Added Member To Class: ClassName=Pressure Sensor Breakout Rev 2 Member=Component C4 08055C104JAT2A
Added Member To Class: ClassName=Pressure Sensor Breakout Rev 2 Member=Component C5 08055C104JAT2A
Added Member To Class: ClassName=Pressure Sensor Breakout Rev 2 Member=Component C6 08055C104JAT2A
Added Member To Class: ClassName=Pressure Sensor Breakout Rev 2 Member=Component C7 08055C104JAT2A
Added Member To Class: ClassName=Pressure Sensor Breakout Rev 2 Member=Component C8 08055C104JAT2A
Added Member To Class: ClassName=Pressure Sensor Breakout Rev 2 Member=Component C9 08055C104JAT2A
Added Member To Class: ClassName=Pressure Sensor Breakout Rev 2 Member=Component C10 08055C104JAT2A
Added Member To Class: ClassName=Pressure Sensor Breakout Rev 2 Member=Component C12 08055C104JAT2A
Added Member To Class: ClassName=Pressure Sensor Breakout Rev 2 Member=Component C13 08055C104JAT2A
Added Member To Class: ClassName=Pressure Sensor Breakout Rev 2 Member=Component C14 Cap
Added Member To Class: ClassName=Pressure Sensor Breakout Rev 2 Member=Component C15 Cap
Added Member To Class: ClassName=Pressure Sensor Breakout Rev 2 Member=Component D1 LTST-C230KGKT
Added Member To Class: ClassName=Pressure Sensor Breakout Rev 2 Member=Component D2 MBR0560
Added Member To Class: ClassName=Pressure Sensor Breakout Rev 2 Member=Component J1 1935174
Added Member To Class: ClassName=Pressure Sensor Breakout Rev 2 Member=Component J2 Generic Header
Added Member To Class: ClassName=Pressure Sensor Breakout Rev 2 Member=Component J3 1935174
Added Member To Class: ClassName=Pressure Sensor Breakout Rev 2 Member=Component J4 TE Connectivity 282836-2
Added Member To Class: ClassName=Pressure Sensor Breakout Rev 2 Member=Component M1 M3 hex Standoff
Added Member To Class: ClassName=Pressure Sensor Breakout Rev 2 Member=Component M2 M3 hex Standoff
Added Member To Class: ClassName=Pressure Sensor Breakout Rev 2 Member=Component M3 M3 hex Standoff
Added Member To Class: ClassName=Pressure Sensor Breakout Rev 2 Member=Component M4 M3 hex Standoff
Added Member To Class: ClassName=Pressure Sensor Breakout Rev 2 Member=Component Q1 SMBT2222A
Added Member To Class: ClassName=Pressure Sensor Breakout Rev 2 Member=Component Q2 2N7002ET1G
Added Member To Class: ClassName=Pressure Sensor Breakout Rev 2 Member=Component Q3 NPN
Added Member To Class: ClassName=Pressure Sensor Breakout Rev 2 Member=Component R1 Vishay / Dale CRCW080510K0FKTA
Added Member To Class: ClassName=Pressure Sensor Breakout Rev 2 Member=Component R2 Vishay CRCW08051K00JNEA
Added Member To Class: ClassName=Pressure Sensor Breakout Rev 2 Member=Component R3 Vishay / Dale CRCW080510K0FKTA
Added Member To Class: ClassName=Pressure Sensor Breakout Rev 2 Member=Component R4 Vishay CRCW08051K00JNEA
Added Member To Class: ClassName=Pressure Sensor Breakout Rev 2 Member=Component R5 Vishay CRCW08051K00JNEA
Added Member To Class: ClassName=Pressure Sensor Breakout Rev 2 Member=Component R6 TNPW080582K5BEEA
Added Member To Class: ClassName=Pressure Sensor Breakout Rev 2 Member=Component R7 Vishay / Dale CRCW080510K0FKTA
Added Member To Class: ClassName=Pressure Sensor Breakout Rev 2 Member=Component R8 CRGCQ0805F15K
Added Member To Class: ClassName=Pressure Sensor Breakout Rev 2 Member=Component R9 Vishay CRCW08051K00JNEA
Added Member To Class: ClassName=Pressure Sensor Breakout Rev 2 Member=Component R10 Vishay Dale CRCW0805221RFKTA
Added Member To Class: ClassName=Pressure Sensor Breakout Rev 2 Member=Component R11 Vishay CRCW08051K00JNEA
Added Member To Class: ClassName=Pressure Sensor Breakout Rev 2 Member=Component R12 CRCW0805681RFKEA
Added Member To Class: ClassName=Pressure Sensor Breakout Rev 2 Member=Component R13 Res1
Added Member To Class: ClassName=Pressure Sensor Breakout Rev 2 Member=Component R14 CR0805-J/-000ELF
Added Member To Class: ClassName=Pressure Sensor Breakout Rev 2 Member=Component R15 Vishay / Dale CRCW080510K0FKTA
Added Member To Class: ClassName=Pressure Sensor Breakout Rev 2 Member=Component R16 Vishay CRCW08051K00JNEA
Added Member To Class: ClassName=Pressure Sensor Breakout Rev 2 Member=Component R18 CRGCQ0805F15K
Added Member To Class: ClassName=Pressure Sensor Breakout Rev 2 Member=Component R20 Vishay / Dale CRCW080510K0FKTA
Added Member To Class: ClassName=Pressure Sensor Breakout Rev 2 Member=Component R21 Vishay CRCW08051K00JNEA
Added Member To Class: ClassName=Pressure Sensor Breakout Rev 2 Member=Component R22 Res,0805,100kO,1%,100ppm,CRCW0805100KFKEA
Added Member To Class: ClassName=Pressure Sensor Breakout Rev 2 Member=Component R23 CR0805-JW-105ELF
Added Member To Class: ClassName=Pressure Sensor Breakout Rev 2 Member=Component S1 2SMPP03
Added Member To Class: ClassName=Pressure Sensor Breakout Rev 2 Member=Component U1 LM393DT
Added Member To Class: ClassName=Pressure Sensor Breakout Rev 2 Member=Component U2 MCP6N11T-010E/SN
Added Member To Class: ClassName=Pressure Sensor Breakout Rev 2 Member=Component U3 TLV9001IDBVR
Added Member To Class: ClassName=Pressure Sensor Breakout Rev 2 Member=Component U4 Shunt Regulator,2.5Vdc TL431IDBZT
